<?xml version="1.0" encoding="UTF-8"?>
<!-- Generated by org.testng.reporters.JUnitReportReporter -->
<testsuite hostname="DESKTOP-P27CLIA" failures="0" tests="1" name="organize.OrganizationTest" time="11.863" errors="0" timestamp="16 Aug 2022 09:29:25 GMT" skipped="0">
  <testcase classname="organize.OrganizationTest" name="OrganizationTest" time="11.863"/>
</testsuite> <!-- organize.OrganizationTest -->
